
**** Build of configuration Debug for project blink ****

"C:\\ti\\ccs1040\\ccs\\utils\\bin\\gmake" -k -j 16 all -O 
 
Building file: "../blink.c"
Invoking: MSP430 Compiler
"C:/ti/ccs1040/ccs/tools/compiler/ti-cgt-msp430_20.2.5.LTS/bin/cl430" -vmspx --use_hw_mpy=F5 --include_path="C:/ti/ccs1040/ccs/ccs_base/msp430/include" --include_path="D:/Projects-Practice/MSP430/test/blink" --include_path="C:/ti/ccs1040/ccs/tools/compiler/ti-cgt-msp430_20.2.5.LTS/include" --advice:power=all --define=__CC430F5123__ -g --printf_support=minimal --diag_warning=225 --diag_wrap=off --display_error_number --silicon_errata=CPU21 --silicon_errata=CPU22 --silicon_errata=CPU40 --preproc_with_compile --preproc_dependency="blink.d_raw"  "../blink.c"
"../blink.c", line 17: remark #1527-D: (ULP 2.1) Detected SW delay loop using empty loop. Recommend using a timer module instead
Finished building: "../blink.c"
 
Building target: "blink.out"
Invoking: MSP430 Linker
"C:/ti/ccs1040/ccs/tools/compiler/ti-cgt-msp430_20.2.5.LTS/bin/cl430" -vmspx --use_hw_mpy=F5 --advice:power=all --define=__CC430F5123__ -g --printf_support=minimal --diag_warning=225 --diag_wrap=off --display_error_number --silicon_errata=CPU21 --silicon_errata=CPU22 --silicon_errata=CPU40 -z -m"blink.map" --heap_size=80 --stack_size=80 -i"C:/ti/ccs1040/ccs/ccs_base/msp430/include" -i"C:/ti/ccs1040/ccs/ccs_base/msp430/lib/5xx_6xx_FRxx" -i"C:/ti/ccs1040/ccs/tools/compiler/ti-cgt-msp430_20.2.5.LTS/lib" -i"C:/ti/ccs1040/ccs/tools/compiler/ti-cgt-msp430_20.2.5.LTS/include" --reread_libs --diag_wrap=off --display_error_number --warn_sections --xml_link_info="blink_linkInfo.xml" --use_hw_mpy=F5 --rom_model -o "blink.out" "./blink.obj" "../lnk_cc430f5123.cmd"  -llibmath.a -llibc.a 
<Linking>
remark #10371-D: (ULP 1.1) Detected no uses of low power mode state changing instructions
remark #10372-D: (ULP 4.1) Detected uninitialized Port A in this project. Recommend initializing all unused ports to eliminate wasted current consumption on unused pins.
remark #10372-D: (ULP 4.1) Detected uninitialized Port B in this project. Recommend initializing all unused ports to eliminate wasted current consumption on unused pins.
remark #10372-D: (ULP 4.1) Detected uninitialized Port C in this project. Recommend initializing all unused ports to eliminate wasted current consumption on unused pins.
Finished building target: "blink.out"
 

**** Build Finished ****

**** Clean-only build of configuration Debug for project blink ****

"C:\\ti\\ccs1040\\ccs\\utils\\bin\\gmake" -k -j 16 clean -O 
 
DEL /F  "blink.hex"  "blink.out" 
DEL /F "blink.obj" 
DEL /F "blink.d" 
Finished clean
 

**** Build Finished ****

**** Build of configuration Debug for project blink ****

"C:\\ti\\ccs1040\\ccs\\utils\\bin\\gmake" -k -j 16 all -O 
 
Building file: "../blink.c"
Invoking: MSP430 Compiler
"C:/ti/ccs1040/ccs/tools/compiler/ti-cgt-msp430_20.2.5.LTS/bin/cl430" -vmsp --use_hw_mpy=none --include_path="C:/ti/ccs1040/ccs/ccs_base/msp430/include" --include_path="D:/Projects-Practice/MSP430/test/blink" --include_path="C:/ti/ccs1040/ccs/tools/compiler/ti-cgt-msp430_20.2.5.LTS/include" --advice:power=all --define=__MSP430G2553__ -g --printf_support=minimal --diag_warning=225 --diag_wrap=off --display_error_number --preproc_with_compile --preproc_dependency="blink.d_raw"  "../blink.c"
"../blink.c", line 17: remark #1527-D: (ULP 2.1) Detected SW delay loop using empty loop. Recommend using a timer module instead
Finished building: "../blink.c"
 
Building target: "blink.out"
Invoking: MSP430 Linker
"C:/ti/ccs1040/ccs/tools/compiler/ti-cgt-msp430_20.2.5.LTS/bin/cl430" -vmsp --use_hw_mpy=none --advice:power=all --define=__MSP430G2553__ -g --printf_support=minimal --diag_warning=225 --diag_wrap=off --display_error_number -z -m"blink.map" --heap_size=80 --stack_size=80 -i"C:/ti/ccs1040/ccs/ccs_base/msp430/include" -i"C:/ti/ccs1040/ccs/tools/compiler/ti-cgt-msp430_20.2.5.LTS/lib" -i"C:/ti/ccs1040/ccs/tools/compiler/ti-cgt-msp430_20.2.5.LTS/include" --reread_libs --diag_wrap=off --display_error_number --warn_sections --xml_link_info="blink_linkInfo.xml" --use_hw_mpy=none --rom_model -o "blink.out" "./blink.obj" "../lnk_msp430g2553.cmd"  -llibc.a 
<Linking>
remark #10371-D: (ULP 1.1) Detected no uses of low power mode state changing instructions
remark #10372-D: (ULP 4.1) Detected uninitialized Port 2 in this project. Recommend initializing all unused ports to eliminate wasted current consumption on unused pins.
remark #10372-D: (ULP 4.1) Detected uninitialized Port 3 in this project. Recommend initializing all unused ports to eliminate wasted current consumption on unused pins.
Finished building target: "blink.out"
 

**** Build Finished ****

**** Build of configuration Debug for project blink ****

"C:\\ti\\ccs1040\\ccs\\utils\\bin\\gmake" -k -j 16 all -O 
 
gmake[1]: 'blink.out' is up to date.

**** Build Finished ****
